  Compiling CUDA source file cus.cu...
  
  D:\ComputerGeometry\CG\TinyRender\TinyRender>"C:\Program Files\NVIDIA GPU Computing Toolkit\CUDA\v11.3\bin\nvcc.exe" -gencode=arch=compute_52,code=\"sm_52,compute_52\" --use-local-env -ccbin "C:\Program Files (x86)\Microsoft Visual Studio\2019\Community\VC\Tools\MSVC\14.29.30133\bin\HostX86\x86" -x cu -rdc=true  -ID:\ComputerGeometry\CG\TinyRender\TinyRender\include\tools -I"D:\ComputerGeometry\CG\TinyRender\TinyRender\include\Eigen\eigen-3.4.0" -I"C:\Program Files\NVIDIA GPU Computing Toolkit\CUDA\v11.3\include" -I"C:\Program Files\NVIDIA GPU Computing Toolkit\CUDA\v11.3\include"     --keep-dir Release  -maxrregcount=0  --machine 32 --compile -cudart static    -DWIN32 -DNDEBUG -D_CONSOLE -D_UNICODE -DUNICODE -Xcompiler "/EHsc /W3 /nologo /O2 /FdRelease\vc142.pdb /FS   /MD " -o Release\cus.cu.obj "D:\ComputerGeometry\CG\TinyRender\TinyRender\cus.cu" 
D:\ComputerGeometry\CG\TinyRender\TinyRender\include\Eigen\eigen-3.4.0\Eigen\src/Core/arch/Default/Half.h(1): warning C4819: 该文件包含不能在当前代码页(936)中表示的字符。请将该文件保存为 Unicode 格式以防止数据丢失
D:\ComputerGeometry\CG\TinyRender\TinyRender\include\Eigen\eigen-3.4.0\Eigen\src/Core/arch/Default/BFloat16.h(1): warning C4819: 该文件包含不能在当前代码页(936)中表示的字符。请将该文件保存为 Unicode 格式以防止数据丢失
D:\ComputerGeometry\CG\TinyRender\TinyRender\include\Eigen\eigen-3.4.0\Eigen\src/Core/arch/GPU/PacketMath.h(1): warning C4819: 该文件包含不能在当前代码页(936)中表示的字符。请将该文件保存为 Unicode 格式以防止数据丢失
D:\ComputerGeometry\CG\TinyRender\TinyRender\include\Eigen\eigen-3.4.0\Eigen\src/Core/arch/Default/GenericPacketMathFunctions.h(676): warning C4819: 该文件包含不能在当前代码页(936)中表示的字符。请将该文件保存为 Unicode 格式以防止数据丢失
D:\ComputerGeometry\CG\TinyRender\TinyRender\include\Eigen\eigen-3.4.0\Eigen\src/Core/MathFunctions.h(1535): warning : calling a constexpr __host__ function("real") from a __host__ __device__ function("abs") is not allowed. The experimental flag '--expt-relaxed-constexpr' can be used to allow this.
  
D:\ComputerGeometry\CG\TinyRender\TinyRender\include\Eigen\eigen-3.4.0\Eigen\src/Core/MathFunctions.h(1535): warning : calling a constexpr __host__ function("imag") from a __host__ __device__ function("abs") is not allowed. The experimental flag '--expt-relaxed-constexpr' can be used to allow this.
  
D:\ComputerGeometry\CG\TinyRender\TinyRender\include\Eigen\eigen-3.4.0\Eigen\src/Core/MathFunctions.h(1535): warning : calling a constexpr __host__ function from a __host__ __device__ function is not allowed. The experimental flag '--expt-relaxed-constexpr' can be used to allow this.
  
D:\ComputerGeometry\CG\TinyRender\TinyRender\include\Eigen\eigen-3.4.0\Eigen\src/Core/MathFunctions.h(1535): warning : calling a constexpr __host__ function from a __host__ __device__ function is not allowed. The experimental flag '--expt-relaxed-constexpr' can be used to allow this.
  
D:\ComputerGeometry\CG\TinyRender\TinyRender\include\Eigen\eigen-3.4.0\Eigen\src/Core/MathFunctions.h(1540): warning : calling a constexpr __host__ function("real") from a __host__ __device__ function("abs") is not allowed. The experimental flag '--expt-relaxed-constexpr' can be used to allow this.
  
D:\ComputerGeometry\CG\TinyRender\TinyRender\include\Eigen\eigen-3.4.0\Eigen\src/Core/MathFunctions.h(1540): warning : calling a constexpr __host__ function("imag") from a __host__ __device__ function("abs") is not allowed. The experimental flag '--expt-relaxed-constexpr' can be used to allow this.
  
D:\ComputerGeometry\CG\TinyRender\TinyRender\include\Eigen\eigen-3.4.0\Eigen\src/Core/MathFunctions.h(1540): warning : calling a constexpr __host__ function from a __host__ __device__ function is not allowed. The experimental flag '--expt-relaxed-constexpr' can be used to allow this.
  
D:\ComputerGeometry\CG\TinyRender\TinyRender\include\Eigen\eigen-3.4.0\Eigen\src/Core/MathFunctions.h(1540): warning : calling a constexpr __host__ function from a __host__ __device__ function is not allowed. The experimental flag '--expt-relaxed-constexpr' can be used to allow this.
  
D:\ComputerGeometry\CG\TinyRender\TinyRender\include\Eigen\eigen-3.4.0\Eigen\src/Core/MathFunctions.h(1564): warning : calling a constexpr __host__ function("real") from a __host__ __device__ function("exp") is not allowed. The experimental flag '--expt-relaxed-constexpr' can be used to allow this.
  
D:\ComputerGeometry\CG\TinyRender\TinyRender\include\Eigen\eigen-3.4.0\Eigen\src/Core/MathFunctions.h(1565): warning : calling a constexpr __host__ function("imag") from a __host__ __device__ function("exp") is not allowed. The experimental flag '--expt-relaxed-constexpr' can be used to allow this.
  
D:\ComputerGeometry\CG\TinyRender\TinyRender\include\Eigen\eigen-3.4.0\Eigen\src/Core/MathFunctions.h(1566): warning : calling a constexpr __host__ function("imag") from a __host__ __device__ function("exp") is not allowed. The experimental flag '--expt-relaxed-constexpr' can be used to allow this.
  
D:\ComputerGeometry\CG\TinyRender\TinyRender\include\Eigen\eigen-3.4.0\Eigen\src/Core/MathFunctions.h(1564): warning : calling a constexpr __host__ function from a __host__ __device__ function is not allowed. The experimental flag '--expt-relaxed-constexpr' can be used to allow this.
  
D:\ComputerGeometry\CG\TinyRender\TinyRender\include\Eigen\eigen-3.4.0\Eigen\src/Core/MathFunctions.h(1565): warning : calling a constexpr __host__ function from a __host__ __device__ function is not allowed. The experimental flag '--expt-relaxed-constexpr' can be used to allow this.
  
D:\ComputerGeometry\CG\TinyRender\TinyRender\include\Eigen\eigen-3.4.0\Eigen\src/Core/MathFunctions.h(1566): warning : calling a constexpr __host__ function from a __host__ __device__ function is not allowed. The experimental flag '--expt-relaxed-constexpr' can be used to allow this.
  
D:\ComputerGeometry\CG\TinyRender\TinyRender\include\Eigen\eigen-3.4.0\Eigen\src/Core/MathFunctions.h(1567): warning : calling a constexpr __host__ function from a __host__ __device__ function is not allowed. The experimental flag '--expt-relaxed-constexpr' can be used to allow this.
  
D:\ComputerGeometry\CG\TinyRender\TinyRender\include\Eigen\eigen-3.4.0\Eigen\src/Core/MathFunctions.h(1572): warning : calling a constexpr __host__ function("real") from a __host__ __device__ function("exp") is not allowed. The experimental flag '--expt-relaxed-constexpr' can be used to allow this.
  
D:\ComputerGeometry\CG\TinyRender\TinyRender\include\Eigen\eigen-3.4.0\Eigen\src/Core/MathFunctions.h(1573): warning : calling a constexpr __host__ function("imag") from a __host__ __device__ function("exp") is not allowed. The experimental flag '--expt-relaxed-constexpr' can be used to allow this.
  
D:\ComputerGeometry\CG\TinyRender\TinyRender\include\Eigen\eigen-3.4.0\Eigen\src/Core/MathFunctions.h(1574): warning : calling a constexpr __host__ function("imag") from a __host__ __device__ function("exp") is not allowed. The experimental flag '--expt-relaxed-constexpr' can be used to allow this.
  
D:\ComputerGeometry\CG\TinyRender\TinyRender\include\Eigen\eigen-3.4.0\Eigen\src/Core/MathFunctions.h(1572): warning : calling a constexpr __host__ function from a __host__ __device__ function is not allowed. The experimental flag '--expt-relaxed-constexpr' can be used to allow this.
  
D:\ComputerGeometry\CG\TinyRender\TinyRender\include\Eigen\eigen-3.4.0\Eigen\src/Core/MathFunctions.h(1573): warning : calling a constexpr __host__ function from a __host__ __device__ function is not allowed. The experimental flag '--expt-relaxed-constexpr' can be used to allow this.
  
D:\ComputerGeometry\CG\TinyRender\TinyRender\include\Eigen\eigen-3.4.0\Eigen\src/Core/MathFunctions.h(1574): warning : calling a constexpr __host__ function from a __host__ __device__ function is not allowed. The experimental flag '--expt-relaxed-constexpr' can be used to allow this.
  
D:\ComputerGeometry\CG\TinyRender\TinyRender\include\Eigen\eigen-3.4.0\Eigen\src/Core/MathFunctions.h(1575): warning : calling a constexpr __host__ function from a __host__ __device__ function is not allowed. The experimental flag '--expt-relaxed-constexpr' can be used to allow this.
  
D:\ComputerGeometry\CG\TinyRender\TinyRender\include\Eigen\eigen-3.4.0\Eigen\src/Core/arch/CUDA/Complex.h(234): warning : calling a constexpr __host__ function from a __host__ __device__ function is not allowed. The experimental flag '--expt-relaxed-constexpr' can be used to allow this.
  
D:\ComputerGeometry\CG\TinyRender\TinyRender\include\Eigen\eigen-3.4.0\Eigen\src/Core/arch/CUDA/Complex.h(234): warning : calling a constexpr __host__ function from a __host__ __device__ function is not allowed. The experimental flag '--expt-relaxed-constexpr' can be used to allow this.
  
D:\ComputerGeometry\CG\TinyRender\TinyRender\include\Eigen\eigen-3.4.0\Eigen\src/Core/arch/CUDA/Complex.h(234): warning : calling a constexpr __host__ function from a __host__ __device__ function is not allowed. The experimental flag '--expt-relaxed-constexpr' can be used to allow this.
  
D:\ComputerGeometry\CG\TinyRender\TinyRender\include\Eigen\eigen-3.4.0\Eigen\src/Core/arch/CUDA/Complex.h(234): warning : calling a constexpr __host__ function from a __host__ __device__ function is not allowed. The experimental flag '--expt-relaxed-constexpr' can be used to allow this.
  
D:\ComputerGeometry\CG\TinyRender\TinyRender\include\Eigen\eigen-3.4.0\Eigen\src/Core/arch/CUDA/Complex.h(234): warning : calling a constexpr __host__ function from a __host__ __device__ function is not allowed. The experimental flag '--expt-relaxed-constexpr' can be used to allow this.
  
D:\ComputerGeometry\CG\TinyRender\TinyRender\include\Eigen\eigen-3.4.0\Eigen\src/Core/arch/CUDA/Complex.h(234): warning : calling a constexpr __host__ function from a __host__ __device__ function is not allowed. The experimental flag '--expt-relaxed-constexpr' can be used to allow this.
  
D:\ComputerGeometry\CG\TinyRender\TinyRender\include\Eigen\eigen-3.4.0\Eigen\src/Core/arch/CUDA/Complex.h(234): warning : calling a constexpr __host__ function from a __host__ __device__ function is not allowed. The experimental flag '--expt-relaxed-constexpr' can be used to allow this.
  
D:\ComputerGeometry\CG\TinyRender\TinyRender\include\Eigen\eigen-3.4.0\Eigen\src/Core/arch/CUDA/Complex.h(234): warning : calling a constexpr __host__ function from a __host__ __device__ function is not allowed. The experimental flag '--expt-relaxed-constexpr' can be used to allow this.
  
D:\ComputerGeometry\CG\TinyRender\TinyRender\include\Eigen\eigen-3.4.0\Eigen\src/Core/arch/CUDA/Complex.h(234): warning : calling a constexpr __host__ function from a __host__ __device__ function is not allowed. The experimental flag '--expt-relaxed-constexpr' can be used to allow this.
  
D:\ComputerGeometry\CG\TinyRender\TinyRender\include\Eigen\eigen-3.4.0\Eigen\src/Core/arch/CUDA/Complex.h(234): warning : calling a constexpr __host__ function from a __host__ __device__ function is not allowed. The experimental flag '--expt-relaxed-constexpr' can be used to allow this.
  
D:\ComputerGeometry\CG\TinyRender\TinyRender\include\Eigen\eigen-3.4.0\Eigen\src/Core/arch/CUDA/Complex.h(234): warning : calling a constexpr __host__ function from a __host__ __device__ function is not allowed. The experimental flag '--expt-relaxed-constexpr' can be used to allow this.
  
D:\ComputerGeometry\CG\TinyRender\TinyRender\include\Eigen\eigen-3.4.0\Eigen\src/Core/arch/CUDA/Complex.h(235): warning : calling a constexpr __host__ function from a __host__ __device__ function is not allowed. The experimental flag '--expt-relaxed-constexpr' can be used to allow this.
  
D:\ComputerGeometry\CG\TinyRender\TinyRender\include\Eigen\eigen-3.4.0\Eigen\src/Core/arch/CUDA/Complex.h(235): warning : calling a constexpr __host__ function from a __host__ __device__ function is not allowed. The experimental flag '--expt-relaxed-constexpr' can be used to allow this.
  
D:\ComputerGeometry\CG\TinyRender\TinyRender\include\Eigen\eigen-3.4.0\Eigen\src/Core/arch/CUDA/Complex.h(235): warning : calling a constexpr __host__ function from a __host__ __device__ function is not allowed. The experimental flag '--expt-relaxed-constexpr' can be used to allow this.
  
D:\ComputerGeometry\CG\TinyRender\TinyRender\include\Eigen\eigen-3.4.0\Eigen\src/Core/arch/CUDA/Complex.h(235): warning : calling a constexpr __host__ function from a __host__ __device__ function is not allowed. The experimental flag '--expt-relaxed-constexpr' can be used to allow this.
  
D:\ComputerGeometry\CG\TinyRender\TinyRender\include\Eigen\eigen-3.4.0\Eigen\src/Core/arch/CUDA/Complex.h(235): warning : calling a constexpr __host__ function from a __host__ __device__ function is not allowed. The experimental flag '--expt-relaxed-constexpr' can be used to allow this.
  
D:\ComputerGeometry\CG\TinyRender\TinyRender\include\Eigen\eigen-3.4.0\Eigen\src/Core/arch/CUDA/Complex.h(235): warning : calling a constexpr __host__ function from a __host__ __device__ function is not allowed. The experimental flag '--expt-relaxed-constexpr' can be used to allow this.
  
D:\ComputerGeometry\CG\TinyRender\TinyRender\include\Eigen\eigen-3.4.0\Eigen\src/Core/arch/CUDA/Complex.h(235): warning : calling a constexpr __host__ function from a __host__ __device__ function is not allowed. The experimental flag '--expt-relaxed-constexpr' can be used to allow this.
  
D:\ComputerGeometry\CG\TinyRender\TinyRender\include\Eigen\eigen-3.4.0\Eigen\src/Core/arch/CUDA/Complex.h(235): warning : calling a constexpr __host__ function from a __host__ __device__ function is not allowed. The experimental flag '--expt-relaxed-constexpr' can be used to allow this.
  
D:\ComputerGeometry\CG\TinyRender\TinyRender\include\Eigen\eigen-3.4.0\Eigen\src/Core/arch/CUDA/Complex.h(235): warning : calling a constexpr __host__ function from a __host__ __device__ function is not allowed. The experimental flag '--expt-relaxed-constexpr' can be used to allow this.
  
D:\ComputerGeometry\CG\TinyRender\TinyRender\include\Eigen\eigen-3.4.0\Eigen\src/Core/arch/CUDA/Complex.h(235): warning : calling a constexpr __host__ function from a __host__ __device__ function is not allowed. The experimental flag '--expt-relaxed-constexpr' can be used to allow this.
  
D:\ComputerGeometry\CG\TinyRender\TinyRender\include\Eigen\eigen-3.4.0\Eigen\src/Core/arch/CUDA/Complex.h(235): warning : calling a constexpr __host__ function from a __host__ __device__ function is not allowed. The experimental flag '--expt-relaxed-constexpr' can be used to allow this.
  
D:\ComputerGeometry\CG\TinyRender\TinyRender\include\Eigen\eigen-3.4.0\Eigen\src/Core/DenseStorage.h(223): warning : __host__ annotation is ignored on a function("DenseStorage") that is explicitly defaulted on its first declaration
  
D:\ComputerGeometry\CG\TinyRender\TinyRender\include\Eigen\eigen-3.4.0\Eigen\src/Core/DenseStorage.h(223): warning : __device__ annotation is ignored on a function("DenseStorage") that is explicitly defaulted on its first declaration
  
D:\ComputerGeometry\CG\TinyRender\TinyRender\include\Eigen\eigen-3.4.0\Eigen\src/Core/DenseStorage.h(233): warning : __host__ annotation is ignored on a function("operator=") that is explicitly defaulted on its first declaration
  
D:\ComputerGeometry\CG\TinyRender\TinyRender\include\Eigen\eigen-3.4.0\Eigen\src/Core/DenseStorage.h(233): warning : __device__ annotation is ignored on a function("operator=") that is explicitly defaulted on its first declaration
  
D:\ComputerGeometry\CG\TinyRender\TinyRender\include\Eigen\eigen-3.4.0\Eigen\src/Core/DenseStorage.h(248): warning : __host__ annotation is ignored on a function("DenseStorage") that is explicitly defaulted on its first declaration
  
D:\ComputerGeometry\CG\TinyRender\TinyRender\include\Eigen\eigen-3.4.0\Eigen\src/Core/DenseStorage.h(248): warning : __device__ annotation is ignored on a function("DenseStorage") that is explicitly defaulted on its first declaration
  
D:\ComputerGeometry\CG\TinyRender\TinyRender\include\Eigen\eigen-3.4.0\Eigen\src/Core/DenseStorage.h(249): warning : __host__ annotation is ignored on a function("operator=") that is explicitly defaulted on its first declaration
  
D:\ComputerGeometry\CG\TinyRender\TinyRender\include\Eigen\eigen-3.4.0\Eigen\src/Core/DenseStorage.h(249): warning : __device__ annotation is ignored on a function("operator=") that is explicitly defaulted on its first declaration
  
D:\ComputerGeometry\CG\TinyRender\TinyRender\cus.cu(105): error : type name is not allowed
  
D:\ComputerGeometry\CG\TinyRender\TinyRender\cus.cu(105): error : type name is not allowed
  
D:\ComputerGeometry\CG\TinyRender\TinyRender\include\Eigen\eigen-3.4.0\Eigen\src/Core/MathFunctions.h(110): warning : calling a constexpr __host__ function("real") from a __host__ __device__ function("run") is not allowed. The experimental flag '--expt-relaxed-constexpr' can be used to allow this.
            detected during:
              instantiation of "T Eigen::internal::real_impl<std::complex<T>>::run(const std::complex<T> &) [with T=float]" 
  (1232): here
              instantiation of "Eigen::internal::real_retval<Eigen::internal::global_math_functions_filtering_base<Scalar, void>::type>::type Eigen::numext::real(const Scalar &) [with Scalar=std::complex<float>]" 
  D:\ComputerGeometry\CG\TinyRender\TinyRender\include\Eigen\eigen-3.4.0\Eigen\src/Core/arch/CUDA/Complex.h(234): here
  
D:\ComputerGeometry\CG\TinyRender\TinyRender\include\Eigen\eigen-3.4.0\Eigen\src/Core/MathFunctions.h(158): warning : calling a constexpr __host__ function("imag") from a __host__ __device__ function("run") is not allowed. The experimental flag '--expt-relaxed-constexpr' can be used to allow this.
            detected during:
              instantiation of "T Eigen::internal::imag_impl<std::complex<T>>::run(const std::complex<T> &) [with T=float]" 
  (1253): here
              instantiation of "Eigen::internal::imag_retval<Eigen::internal::global_math_functions_filtering_base<Scalar, void>::type>::type Eigen::numext::imag(const Scalar &) [with Scalar=std::complex<float>]" 
  D:\ComputerGeometry\CG\TinyRender\TinyRender\include\Eigen\eigen-3.4.0\Eigen\src/Core/arch/CUDA/Complex.h(234): here
  
D:\ComputerGeometry\CG\TinyRender\TinyRender\include\Eigen\eigen-3.4.0\Eigen\src/Core/MathFunctions.h(110): warning : calling a constexpr __host__ function("real") from a __host__ __device__ function("run") is not allowed. The experimental flag '--expt-relaxed-constexpr' can be used to allow this.
            detected during:
              instantiation of "T Eigen::internal::real_impl<std::complex<T>>::run(const std::complex<T> &) [with T=double]" 
  (1232): here
              instantiation of "Eigen::internal::real_retval<Eigen::internal::global_math_functions_filtering_base<Scalar, void>::type>::type Eigen::numext::real(const Scalar &) [with Scalar=std::complex<double>]" 
  D:\ComputerGeometry\CG\TinyRender\TinyRender\include\Eigen\eigen-3.4.0\Eigen\src/Core/arch/CUDA/Complex.h(235): here
  
D:\ComputerGeometry\CG\TinyRender\TinyRender\include\Eigen\eigen-3.4.0\Eigen\src/Core/MathFunctions.h(158): warning : calling a constexpr __host__ function("imag") from a __host__ __device__ function("run") is not allowed. The experimental flag '--expt-relaxed-constexpr' can be used to allow this.
            detected during:
              instantiation of "T Eigen::internal::imag_impl<std::complex<T>>::run(const std::complex<T> &) [with T=double]" 
  (1253): here
              instantiation of "Eigen::internal::imag_retval<Eigen::internal::global_math_functions_filtering_base<Scalar, void>::type>::type Eigen::numext::imag(const Scalar &) [with Scalar=std::complex<double>]" 
  D:\ComputerGeometry\CG\TinyRender\TinyRender\include\Eigen\eigen-3.4.0\Eigen\src/Core/arch/CUDA/Complex.h(235): here
  
  2 errors detected in the compilation of "D:/ComputerGeometry/CG/TinyRender/TinyRender/cus.cu".
  cus.cu
C:\Program Files (x86)\Microsoft Visual Studio\2019\Community\MSBuild\Microsoft\VC\v160\BuildCustomizations\CUDA 11.3.targets(785,9): error MSB3721: 命令“"C:\Program Files\NVIDIA GPU Computing Toolkit\CUDA\v11.3\bin\nvcc.exe" -gencode=arch=compute_52,code=\"sm_52,compute_52\" --use-local-env -ccbin "C:\Program Files (x86)\Microsoft Visual Studio\2019\Community\VC\Tools\MSVC\14.29.30133\bin\HostX86\x86" -x cu -rdc=true  -ID:\ComputerGeometry\CG\TinyRender\TinyRender\include\tools -I"D:\ComputerGeometry\CG\TinyRender\TinyRender\include\Eigen\eigen-3.4.0" -I"C:\Program Files\NVIDIA GPU Computing Toolkit\CUDA\v11.3\include" -I"C:\Program Files\NVIDIA GPU Computing Toolkit\CUDA\v11.3\include"     --keep-dir Release  -maxrregcount=0  --machine 32 --compile -cudart static    -DWIN32 -DNDEBUG -D_CONSOLE -D_UNICODE -DUNICODE -Xcompiler "/EHsc /W3 /nologo /O2 /FdRelease\vc142.pdb /FS   /MD " -o Release\cus.cu.obj "D:\ComputerGeometry\CG\TinyRender\TinyRender\cus.cu"”已退出，返回代码为 1。
