  geometry.cpp
D:\ComputerGeometry\git\revision\CG\TinyRender\TinyRender\include\tools\geometry.cpp(10,66): warning C4244: “初始化”: 从“const t”转换到“t”，可能丢失数据
D:\ComputerGeometry\git\revision\CG\TinyRender\TinyRender\include\tools\geometry.cpp(10,66): warning C4244:         with
D:\ComputerGeometry\git\revision\CG\TinyRender\TinyRender\include\tools\geometry.cpp(10,66): warning C4244:         [
D:\ComputerGeometry\git\revision\CG\TinyRender\TinyRender\include\tools\geometry.cpp(10,66): warning C4244:             t=int
D:\ComputerGeometry\git\revision\CG\TinyRender\TinyRender\include\tools\geometry.cpp(10,66): warning C4244:         ]
D:\ComputerGeometry\git\revision\CG\TinyRender\TinyRender\include\tools\geometry.cpp(10,66): warning C4244:         and
D:\ComputerGeometry\git\revision\CG\TinyRender\TinyRender\include\tools\geometry.cpp(10,66): warning C4244:         [
D:\ComputerGeometry\git\revision\CG\TinyRender\TinyRender\include\tools\geometry.cpp(10,66): warning C4244:             t=float
D:\ComputerGeometry\git\revision\CG\TinyRender\TinyRender\include\tools\geometry.cpp(10,66): warning C4244:         ]
D:\ComputerGeometry\git\revision\CG\TinyRender\TinyRender\include\tools\geometry.cpp(10,74): warning C4244: “初始化”: 从“const t”转换到“t”，可能丢失数据
D:\ComputerGeometry\git\revision\CG\TinyRender\TinyRender\include\tools\geometry.cpp(10,74): warning C4244:         with
D:\ComputerGeometry\git\revision\CG\TinyRender\TinyRender\include\tools\geometry.cpp(10,74): warning C4244:         [
D:\ComputerGeometry\git\revision\CG\TinyRender\TinyRender\include\tools\geometry.cpp(10,74): warning C4244:             t=int
D:\ComputerGeometry\git\revision\CG\TinyRender\TinyRender\include\tools\geometry.cpp(10,74): warning C4244:         ]
D:\ComputerGeometry\git\revision\CG\TinyRender\TinyRender\include\tools\geometry.cpp(10,74): warning C4244:         and
D:\ComputerGeometry\git\revision\CG\TinyRender\TinyRender\include\tools\geometry.cpp(10,74): warning C4244:         [
D:\ComputerGeometry\git\revision\CG\TinyRender\TinyRender\include\tools\geometry.cpp(10,74): warning C4244:             t=float
D:\ComputerGeometry\git\revision\CG\TinyRender\TinyRender\include\tools\geometry.cpp(10,74): warning C4244:         ]
D:\ComputerGeometry\git\revision\CG\TinyRender\TinyRender\include\tools\geometry.cpp(10,82): warning C4244: “初始化”: 从“const t”转换到“t”，可能丢失数据
D:\ComputerGeometry\git\revision\CG\TinyRender\TinyRender\include\tools\geometry.cpp(10,82): warning C4244:         with
D:\ComputerGeometry\git\revision\CG\TinyRender\TinyRender\include\tools\geometry.cpp(10,82): warning C4244:         [
D:\ComputerGeometry\git\revision\CG\TinyRender\TinyRender\include\tools\geometry.cpp(10,82): warning C4244:             t=int
D:\ComputerGeometry\git\revision\CG\TinyRender\TinyRender\include\tools\geometry.cpp(10,82): warning C4244:         ]
D:\ComputerGeometry\git\revision\CG\TinyRender\TinyRender\include\tools\geometry.cpp(10,82): warning C4244:         and
D:\ComputerGeometry\git\revision\CG\TinyRender\TinyRender\include\tools\geometry.cpp(10,82): warning C4244:         [
D:\ComputerGeometry\git\revision\CG\TinyRender\TinyRender\include\tools\geometry.cpp(10,82): warning C4244:             t=float
D:\ComputerGeometry\git\revision\CG\TinyRender\TinyRender\include\tools\geometry.cpp(10,82): warning C4244:         ]
  model.cpp
D:\ComputerGeometry\git\revision\CG\TinyRender\TinyRender\include\tools\model.cpp(93,67): warning C4244: “参数”: 从“t”转换到“t”，可能丢失数据
D:\ComputerGeometry\git\revision\CG\TinyRender\TinyRender\include\tools\model.cpp(93,67): warning C4244:         with
D:\ComputerGeometry\git\revision\CG\TinyRender\TinyRender\include\tools\model.cpp(93,67): warning C4244:         [
D:\ComputerGeometry\git\revision\CG\TinyRender\TinyRender\include\tools\model.cpp(93,67): warning C4244:             t=float
D:\ComputerGeometry\git\revision\CG\TinyRender\TinyRender\include\tools\model.cpp(93,67): warning C4244:         ]
D:\ComputerGeometry\git\revision\CG\TinyRender\TinyRender\include\tools\model.cpp(93,67): warning C4244:         and
D:\ComputerGeometry\git\revision\CG\TinyRender\TinyRender\include\tools\model.cpp(93,67): warning C4244:         [
D:\ComputerGeometry\git\revision\CG\TinyRender\TinyRender\include\tools\model.cpp(93,67): warning C4244:             t=int
D:\ComputerGeometry\git\revision\CG\TinyRender\TinyRender\include\tools\model.cpp(93,67): warning C4244:         ]
D:\ComputerGeometry\git\revision\CG\TinyRender\TinyRender\include\tools\model.cpp(93,29): warning C4244: “参数”: 从“t”转换到“t”，可能丢失数据
D:\ComputerGeometry\git\revision\CG\TinyRender\TinyRender\include\tools\model.cpp(93,29): warning C4244:         with
D:\ComputerGeometry\git\revision\CG\TinyRender\TinyRender\include\tools\model.cpp(93,29): warning C4244:         [
D:\ComputerGeometry\git\revision\CG\TinyRender\TinyRender\include\tools\model.cpp(93,29): warning C4244:             t=float
D:\ComputerGeometry\git\revision\CG\TinyRender\TinyRender\include\tools\model.cpp(93,29): warning C4244:         ]
D:\ComputerGeometry\git\revision\CG\TinyRender\TinyRender\include\tools\model.cpp(93,29): warning C4244:         and
D:\ComputerGeometry\git\revision\CG\TinyRender\TinyRender\include\tools\model.cpp(93,29): warning C4244:         [
D:\ComputerGeometry\git\revision\CG\TinyRender\TinyRender\include\tools\model.cpp(93,29): warning C4244:             t=int
D:\ComputerGeometry\git\revision\CG\TinyRender\TinyRender\include\tools\model.cpp(93,29): warning C4244:         ]
  tgaimage.cpp
  main.cpp
D:\ComputerGeometry\git\revision\CG\TinyRender\TinyRender\main.cpp(1,10): error C1083: 无法打开包括文件: “tgaimage.h”: No such file or directory
  正在生成代码...
