  Compiling CUDA source file cus.cu...
  
  D:\ComputerGeometry\CG\CG\cudaTinyRender\TinyRender>"C:\Program Files\NVIDIA GPU Computing Toolkit\CUDA\v11.3\bin\nvcc.exe" -gencode=arch=compute_86,code=\"sm_86,compute_86\" --use-local-env -ccbin "C:\Program Files (x86)\Microsoft Visual Studio\2019\Community\VC\Tools\MSVC\14.29.30133\bin\HostX86\x64" -x cu -rdc=true  -ID:\ComputerGeometry\CG\CG\cudaTinyRender\TinyRender\include\tools -I"D:\ComputerGeometry\CG\CG\cudaTinyRender\TinyRender\include\Eigen\eigen-3.4.0" -I"C:\Program Files\NVIDIA GPU Computing Toolkit\CUDA\v11.3\include" -I"C:\Program Files\NVIDIA GPU Computing Toolkit\CUDA\v11.3\include"  -G   --keep-dir x64\Debug  -maxrregcount=0  --machine 64 --compile -cudart static  -g  -D_DEBUG -D_CONSOLE -D_UNICODE -DUNICODE -Xcompiler "/EHsc /W3 /nologo /Od /Fdx64\Debug\vc142.pdb /FS /Zi /RTC1 /MDd " -o x64\Debug\cus.cu.obj "D:\ComputerGeometry\CG\CG\cudaTinyRender\TinyRender\cus.cu" 
D:\ComputerGeometry\CG\CG\cudaTinyRender\TinyRender\include\Eigen\eigen-3.4.0\Eigen\src/Core/arch/Default/Half.h(1): warning C4819: 该文件包含不能在当前代码页(936)中表示的字符。请将该文件保存为 Unicode 格式以防止数据丢失
D:\ComputerGeometry\CG\CG\cudaTinyRender\TinyRender\include\Eigen\eigen-3.4.0\Eigen\src/Core/arch/Default/BFloat16.h(1): warning C4819: 该文件包含不能在当前代码页(936)中表示的字符。请将该文件保存为 Unicode 格式以防止数据丢失
D:\ComputerGeometry\CG\CG\cudaTinyRender\TinyRender\include\Eigen\eigen-3.4.0\Eigen\src/Core/arch/GPU/PacketMath.h(1): warning C4819: 该文件包含不能在当前代码页(936)中表示的字符。请将该文件保存为 Unicode 格式以防止数据丢失
D:\ComputerGeometry\CG\CG\cudaTinyRender\TinyRender\include\Eigen\eigen-3.4.0\Eigen\src/Core/arch/Default/GenericPacketMathFunctions.h(676): warning C4819: 该文件包含不能在当前代码页(936)中表示的字符。请将该文件保存为 Unicode 格式以防止数据丢失
D:\ComputerGeometry\CG\CG\cudaTinyRender\TinyRender\include\Eigen\eigen-3.4.0\Eigen\src/Core/MathFunctions.h(1535): warning : calling a constexpr __host__ function("real") from a __host__ __device__ function("abs") is not allowed. The experimental flag '--expt-relaxed-constexpr' can be used to allow this.
  
D:\ComputerGeometry\CG\CG\cudaTinyRender\TinyRender\include\Eigen\eigen-3.4.0\Eigen\src/Core/MathFunctions.h(1535): warning : calling a constexpr __host__ function("imag") from a __host__ __device__ function("abs") is not allowed. The experimental flag '--expt-relaxed-constexpr' can be used to allow this.
  
D:\ComputerGeometry\CG\CG\cudaTinyRender\TinyRender\include\Eigen\eigen-3.4.0\Eigen\src/Core/MathFunctions.h(1535): warning : calling a constexpr __host__ function from a __host__ __device__ function is not allowed. The experimental flag '--expt-relaxed-constexpr' can be used to allow this.
  
D:\ComputerGeometry\CG\CG\cudaTinyRender\TinyRender\include\Eigen\eigen-3.4.0\Eigen\src/Core/MathFunctions.h(1535): warning : calling a constexpr __host__ function from a __host__ __device__ function is not allowed. The experimental flag '--expt-relaxed-constexpr' can be used to allow this.
  
D:\ComputerGeometry\CG\CG\cudaTinyRender\TinyRender\include\Eigen\eigen-3.4.0\Eigen\src/Core/MathFunctions.h(1540): warning : calling a constexpr __host__ function("real") from a __host__ __device__ function("abs") is not allowed. The experimental flag '--expt-relaxed-constexpr' can be used to allow this.
  
D:\ComputerGeometry\CG\CG\cudaTinyRender\TinyRender\include\Eigen\eigen-3.4.0\Eigen\src/Core/MathFunctions.h(1540): warning : calling a constexpr __host__ function("imag") from a __host__ __device__ function("abs") is not allowed. The experimental flag '--expt-relaxed-constexpr' can be used to allow this.
  
D:\ComputerGeometry\CG\CG\cudaTinyRender\TinyRender\include\Eigen\eigen-3.4.0\Eigen\src/Core/MathFunctions.h(1540): warning : calling a constexpr __host__ function from a __host__ __device__ function is not allowed. The experimental flag '--expt-relaxed-constexpr' can be used to allow this.
  
D:\ComputerGeometry\CG\CG\cudaTinyRender\TinyRender\include\Eigen\eigen-3.4.0\Eigen\src/Core/MathFunctions.h(1540): warning : calling a constexpr __host__ function from a __host__ __device__ function is not allowed. The experimental flag '--expt-relaxed-constexpr' can be used to allow this.
  
D:\ComputerGeometry\CG\CG\cudaTinyRender\TinyRender\include\Eigen\eigen-3.4.0\Eigen\src/Core/MathFunctions.h(1564): warning : calling a constexpr __host__ function("real") from a __host__ __device__ function("exp") is not allowed. The experimental flag '--expt-relaxed-constexpr' can be used to allow this.
  
D:\ComputerGeometry\CG\CG\cudaTinyRender\TinyRender\include\Eigen\eigen-3.4.0\Eigen\src/Core/MathFunctions.h(1565): warning : calling a constexpr __host__ function("imag") from a __host__ __device__ function("exp") is not allowed. The experimental flag '--expt-relaxed-constexpr' can be used to allow this.
  
D:\ComputerGeometry\CG\CG\cudaTinyRender\TinyRender\include\Eigen\eigen-3.4.0\Eigen\src/Core/MathFunctions.h(1566): warning : calling a constexpr __host__ function("imag") from a __host__ __device__ function("exp") is not allowed. The experimental flag '--expt-relaxed-constexpr' can be used to allow this.
  
D:\ComputerGeometry\CG\CG\cudaTinyRender\TinyRender\include\Eigen\eigen-3.4.0\Eigen\src/Core/MathFunctions.h(1564): warning : calling a constexpr __host__ function from a __host__ __device__ function is not allowed. The experimental flag '--expt-relaxed-constexpr' can be used to allow this.
  
D:\ComputerGeometry\CG\CG\cudaTinyRender\TinyRender\include\Eigen\eigen-3.4.0\Eigen\src/Core/MathFunctions.h(1565): warning : calling a constexpr __host__ function from a __host__ __device__ function is not allowed. The experimental flag '--expt-relaxed-constexpr' can be used to allow this.
  
D:\ComputerGeometry\CG\CG\cudaTinyRender\TinyRender\include\Eigen\eigen-3.4.0\Eigen\src/Core/MathFunctions.h(1566): warning : calling a constexpr __host__ function from a __host__ __device__ function is not allowed. The experimental flag '--expt-relaxed-constexpr' can be used to allow this.
  
D:\ComputerGeometry\CG\CG\cudaTinyRender\TinyRender\include\Eigen\eigen-3.4.0\Eigen\src/Core/MathFunctions.h(1567): warning : calling a constexpr __host__ function from a __host__ __device__ function is not allowed. The experimental flag '--expt-relaxed-constexpr' can be used to allow this.
  
D:\ComputerGeometry\CG\CG\cudaTinyRender\TinyRender\include\Eigen\eigen-3.4.0\Eigen\src/Core/MathFunctions.h(1572): warning : calling a constexpr __host__ function("real") from a __host__ __device__ function("exp") is not allowed. The experimental flag '--expt-relaxed-constexpr' can be used to allow this.
  
D:\ComputerGeometry\CG\CG\cudaTinyRender\TinyRender\include\Eigen\eigen-3.4.0\Eigen\src/Core/MathFunctions.h(1573): warning : calling a constexpr __host__ function("imag") from a __host__ __device__ function("exp") is not allowed. The experimental flag '--expt-relaxed-constexpr' can be used to allow this.
  
D:\ComputerGeometry\CG\CG\cudaTinyRender\TinyRender\include\Eigen\eigen-3.4.0\Eigen\src/Core/MathFunctions.h(1574): warning : calling a constexpr __host__ function("imag") from a __host__ __device__ function("exp") is not allowed. The experimental flag '--expt-relaxed-constexpr' can be used to allow this.
  
D:\ComputerGeometry\CG\CG\cudaTinyRender\TinyRender\include\Eigen\eigen-3.4.0\Eigen\src/Core/MathFunctions.h(1572): warning : calling a constexpr __host__ function from a __host__ __device__ function is not allowed. The experimental flag '--expt-relaxed-constexpr' can be used to allow this.
  
D:\ComputerGeometry\CG\CG\cudaTinyRender\TinyRender\include\Eigen\eigen-3.4.0\Eigen\src/Core/MathFunctions.h(1573): warning : calling a constexpr __host__ function from a __host__ __device__ function is not allowed. The experimental flag '--expt-relaxed-constexpr' can be used to allow this.
  
D:\ComputerGeometry\CG\CG\cudaTinyRender\TinyRender\include\Eigen\eigen-3.4.0\Eigen\src/Core/MathFunctions.h(1574): warning : calling a constexpr __host__ function from a __host__ __device__ function is not allowed. The experimental flag '--expt-relaxed-constexpr' can be used to allow this.
  
D:\ComputerGeometry\CG\CG\cudaTinyRender\TinyRender\include\Eigen\eigen-3.4.0\Eigen\src/Core/MathFunctions.h(1575): warning : calling a constexpr __host__ function from a __host__ __device__ function is not allowed. The experimental flag '--expt-relaxed-constexpr' can be used to allow this.
  
D:\ComputerGeometry\CG\CG\cudaTinyRender\TinyRender\include\Eigen\eigen-3.4.0\Eigen\src/Core/arch/CUDA/Complex.h(234): warning : calling a constexpr __host__ function from a __host__ __device__ function is not allowed. The experimental flag '--expt-relaxed-constexpr' can be used to allow this.
  
D:\ComputerGeometry\CG\CG\cudaTinyRender\TinyRender\include\Eigen\eigen-3.4.0\Eigen\src/Core/arch/CUDA/Complex.h(234): warning : calling a constexpr __host__ function from a __host__ __device__ function is not allowed. The experimental flag '--expt-relaxed-constexpr' can be used to allow this.
  
D:\ComputerGeometry\CG\CG\cudaTinyRender\TinyRender\include\Eigen\eigen-3.4.0\Eigen\src/Core/arch/CUDA/Complex.h(234): warning : calling a constexpr __host__ function from a __host__ __device__ function is not allowed. The experimental flag '--expt-relaxed-constexpr' can be used to allow this.
  
D:\ComputerGeometry\CG\CG\cudaTinyRender\TinyRender\include\Eigen\eigen-3.4.0\Eigen\src/Core/arch/CUDA/Complex.h(234): warning : calling a constexpr __host__ function from a __host__ __device__ function is not allowed. The experimental flag '--expt-relaxed-constexpr' can be used to allow this.
  
D:\ComputerGeometry\CG\CG\cudaTinyRender\TinyRender\include\Eigen\eigen-3.4.0\Eigen\src/Core/arch/CUDA/Complex.h(234): warning : calling a constexpr __host__ function from a __host__ __device__ function is not allowed. The experimental flag '--expt-relaxed-constexpr' can be used to allow this.
  
D:\ComputerGeometry\CG\CG\cudaTinyRender\TinyRender\include\Eigen\eigen-3.4.0\Eigen\src/Core/arch/CUDA/Complex.h(234): warning : calling a constexpr __host__ function from a __host__ __device__ function is not allowed. The experimental flag '--expt-relaxed-constexpr' can be used to allow this.
  
D:\ComputerGeometry\CG\CG\cudaTinyRender\TinyRender\include\Eigen\eigen-3.4.0\Eigen\src/Core/arch/CUDA/Complex.h(234): warning : calling a constexpr __host__ function from a __host__ __device__ function is not allowed. The experimental flag '--expt-relaxed-constexpr' can be used to allow this.
  
D:\ComputerGeometry\CG\CG\cudaTinyRender\TinyRender\include\Eigen\eigen-3.4.0\Eigen\src/Core/arch/CUDA/Complex.h(234): warning : calling a constexpr __host__ function from a __host__ __device__ function is not allowed. The experimental flag '--expt-relaxed-constexpr' can be used to allow this.
  
D:\ComputerGeometry\CG\CG\cudaTinyRender\TinyRender\include\Eigen\eigen-3.4.0\Eigen\src/Core/arch/CUDA/Complex.h(234): warning : calling a constexpr __host__ function from a __host__ __device__ function is not allowed. The experimental flag '--expt-relaxed-constexpr' can be used to allow this.
  
D:\ComputerGeometry\CG\CG\cudaTinyRender\TinyRender\include\Eigen\eigen-3.4.0\Eigen\src/Core/arch/CUDA/Complex.h(234): warning : calling a constexpr __host__ function from a __host__ __device__ function is not allowed. The experimental flag '--expt-relaxed-constexpr' can be used to allow this.
  
D:\ComputerGeometry\CG\CG\cudaTinyRender\TinyRender\include\Eigen\eigen-3.4.0\Eigen\src/Core/arch/CUDA/Complex.h(234): warning : calling a constexpr __host__ function from a __host__ __device__ function is not allowed. The experimental flag '--expt-relaxed-constexpr' can be used to allow this.
  
D:\ComputerGeometry\CG\CG\cudaTinyRender\TinyRender\include\Eigen\eigen-3.4.0\Eigen\src/Core/arch/CUDA/Complex.h(235): warning : calling a constexpr __host__ function from a __host__ __device__ function is not allowed. The experimental flag '--expt-relaxed-constexpr' can be used to allow this.
  
D:\ComputerGeometry\CG\CG\cudaTinyRender\TinyRender\include\Eigen\eigen-3.4.0\Eigen\src/Core/arch/CUDA/Complex.h(235): warning : calling a constexpr __host__ function from a __host__ __device__ function is not allowed. The experimental flag '--expt-relaxed-constexpr' can be used to allow this.
  
D:\ComputerGeometry\CG\CG\cudaTinyRender\TinyRender\include\Eigen\eigen-3.4.0\Eigen\src/Core/arch/CUDA/Complex.h(235): warning : calling a constexpr __host__ function from a __host__ __device__ function is not allowed. The experimental flag '--expt-relaxed-constexpr' can be used to allow this.
  
D:\ComputerGeometry\CG\CG\cudaTinyRender\TinyRender\include\Eigen\eigen-3.4.0\Eigen\src/Core/arch/CUDA/Complex.h(235): warning : calling a constexpr __host__ function from a __host__ __device__ function is not allowed. The experimental flag '--expt-relaxed-constexpr' can be used to allow this.
  
D:\ComputerGeometry\CG\CG\cudaTinyRender\TinyRender\include\Eigen\eigen-3.4.0\Eigen\src/Core/arch/CUDA/Complex.h(235): warning : calling a constexpr __host__ function from a __host__ __device__ function is not allowed. The experimental flag '--expt-relaxed-constexpr' can be used to allow this.
  
D:\ComputerGeometry\CG\CG\cudaTinyRender\TinyRender\include\Eigen\eigen-3.4.0\Eigen\src/Core/arch/CUDA/Complex.h(235): warning : calling a constexpr __host__ function from a __host__ __device__ function is not allowed. The experimental flag '--expt-relaxed-constexpr' can be used to allow this.
  
D:\ComputerGeometry\CG\CG\cudaTinyRender\TinyRender\include\Eigen\eigen-3.4.0\Eigen\src/Core/arch/CUDA/Complex.h(235): warning : calling a constexpr __host__ function from a __host__ __device__ function is not allowed. The experimental flag '--expt-relaxed-constexpr' can be used to allow this.
  
D:\ComputerGeometry\CG\CG\cudaTinyRender\TinyRender\include\Eigen\eigen-3.4.0\Eigen\src/Core/arch/CUDA/Complex.h(235): warning : calling a constexpr __host__ function from a __host__ __device__ function is not allowed. The experimental flag '--expt-relaxed-constexpr' can be used to allow this.
  
D:\ComputerGeometry\CG\CG\cudaTinyRender\TinyRender\include\Eigen\eigen-3.4.0\Eigen\src/Core/arch/CUDA/Complex.h(235): warning : calling a constexpr __host__ function from a __host__ __device__ function is not allowed. The experimental flag '--expt-relaxed-constexpr' can be used to allow this.
  
D:\ComputerGeometry\CG\CG\cudaTinyRender\TinyRender\include\Eigen\eigen-3.4.0\Eigen\src/Core/arch/CUDA/Complex.h(235): warning : calling a constexpr __host__ function from a __host__ __device__ function is not allowed. The experimental flag '--expt-relaxed-constexpr' can be used to allow this.
  
D:\ComputerGeometry\CG\CG\cudaTinyRender\TinyRender\include\Eigen\eigen-3.4.0\Eigen\src/Core/arch/CUDA/Complex.h(235): warning : calling a constexpr __host__ function from a __host__ __device__ function is not allowed. The experimental flag '--expt-relaxed-constexpr' can be used to allow this.
  
D:\ComputerGeometry\CG\CG\cudaTinyRender\TinyRender\include\Eigen\eigen-3.4.0\Eigen\src/Core/DenseStorage.h(223): warning : __host__ annotation is ignored on a function("DenseStorage") that is explicitly defaulted on its first declaration
  
D:\ComputerGeometry\CG\CG\cudaTinyRender\TinyRender\include\Eigen\eigen-3.4.0\Eigen\src/Core/DenseStorage.h(223): warning : __device__ annotation is ignored on a function("DenseStorage") that is explicitly defaulted on its first declaration
  
D:\ComputerGeometry\CG\CG\cudaTinyRender\TinyRender\include\Eigen\eigen-3.4.0\Eigen\src/Core/DenseStorage.h(233): warning : __host__ annotation is ignored on a function("operator=") that is explicitly defaulted on its first declaration
  
D:\ComputerGeometry\CG\CG\cudaTinyRender\TinyRender\include\Eigen\eigen-3.4.0\Eigen\src/Core/DenseStorage.h(233): warning : __device__ annotation is ignored on a function("operator=") that is explicitly defaulted on its first declaration
  
D:\ComputerGeometry\CG\CG\cudaTinyRender\TinyRender\include\Eigen\eigen-3.4.0\Eigen\src/Core/DenseStorage.h(248): warning : __host__ annotation is ignored on a function("DenseStorage") that is explicitly defaulted on its first declaration
  
D:\ComputerGeometry\CG\CG\cudaTinyRender\TinyRender\include\Eigen\eigen-3.4.0\Eigen\src/Core/DenseStorage.h(248): warning : __device__ annotation is ignored on a function("DenseStorage") that is explicitly defaulted on its first declaration
  
D:\ComputerGeometry\CG\CG\cudaTinyRender\TinyRender\include\Eigen\eigen-3.4.0\Eigen\src/Core/DenseStorage.h(249): warning : __host__ annotation is ignored on a function("operator=") that is explicitly defaulted on its first declaration
  
D:\ComputerGeometry\CG\CG\cudaTinyRender\TinyRender\include\Eigen\eigen-3.4.0\Eigen\src/Core/DenseStorage.h(249): warning : __device__ annotation is ignored on a function("operator=") that is explicitly defaulted on its first declaration
  
D:\ComputerGeometry\CG\CG\cudaTinyRender\TinyRender\cus.cu(84): warning : invalid narrowing conversion from "double" to "float"
  
D:\ComputerGeometry\CG\CG\cudaTinyRender\TinyRender\cus.cu(84): warning : invalid narrowing conversion from "double" to "float"
  
D:\ComputerGeometry\CG\CG\cudaTinyRender\TinyRender\cus.cu(163): warning : returning pointer to local variable
  
D:\ComputerGeometry\CG\CG\cudaTinyRender\TinyRender\include\Eigen\eigen-3.4.0\Eigen\src/Core/MathFunctions.h(110): warning : calling a constexpr __host__ function("real") from a __host__ __device__ function("run") is not allowed. The experimental flag '--expt-relaxed-constexpr' can be used to allow this.
            detected during:
              instantiation of "T Eigen::internal::real_impl<std::complex<T>>::run(const std::complex<T> &) [with T=float]" 
  (1232): here
              instantiation of "Eigen::internal::real_retval<Eigen::internal::global_math_functions_filtering_base<Scalar, void>::type>::type Eigen::numext::real(const Scalar &) [with Scalar=std::complex<float>]" 
  D:\ComputerGeometry\CG\CG\cudaTinyRender\TinyRender\include\Eigen\eigen-3.4.0\Eigen\src/Core/arch/CUDA/Complex.h(234): here
  
D:\ComputerGeometry\CG\CG\cudaTinyRender\TinyRender\include\Eigen\eigen-3.4.0\Eigen\src/Core/MathFunctions.h(110): warning : calling a constexpr __host__ function from a __host__ __device__ function is not allowed. The experimental flag '--expt-relaxed-constexpr' can be used to allow this.
            detected during:
              instantiation of "T Eigen::internal::real_impl<std::complex<T>>::run(const std::complex<T> &) [with T=float]" 
  (1232): here
              instantiation of "Eigen::internal::real_retval<Eigen::internal::global_math_functions_filtering_base<Scalar, void>::type>::type Eigen::numext::real(const Scalar &) [with Scalar=std::complex<float>]" 
  D:\ComputerGeometry\CG\CG\cudaTinyRender\TinyRender\include\Eigen\eigen-3.4.0\Eigen\src/Core/arch/CUDA/Complex.h(234): here
  
D:\ComputerGeometry\CG\CG\cudaTinyRender\TinyRender\include\Eigen\eigen-3.4.0\Eigen\src/Core/MathFunctions.h(158): warning : calling a constexpr __host__ function("imag") from a __host__ __device__ function("run") is not allowed. The experimental flag '--expt-relaxed-constexpr' can be used to allow this.
            detected during:
              instantiation of "T Eigen::internal::imag_impl<std::complex<T>>::run(const std::complex<T> &) [with T=float]" 
  (1253): here
              instantiation of "Eigen::internal::imag_retval<Eigen::internal::global_math_functions_filtering_base<Scalar, void>::type>::type Eigen::numext::imag(const Scalar &) [with Scalar=std::complex<float>]" 
  D:\ComputerGeometry\CG\CG\cudaTinyRender\TinyRender\include\Eigen\eigen-3.4.0\Eigen\src/Core/arch/CUDA/Complex.h(234): here
  
D:\ComputerGeometry\CG\CG\cudaTinyRender\TinyRender\include\Eigen\eigen-3.4.0\Eigen\src/Core/MathFunctions.h(158): warning : calling a constexpr __host__ function from a __host__ __device__ function is not allowed. The experimental flag '--expt-relaxed-constexpr' can be used to allow this.
            detected during:
              instantiation of "T Eigen::internal::imag_impl<std::complex<T>>::run(const std::complex<T> &) [with T=float]" 
  (1253): here
              instantiation of "Eigen::internal::imag_retval<Eigen::internal::global_math_functions_filtering_base<Scalar, void>::type>::type Eigen::numext::imag(const Scalar &) [with Scalar=std::complex<float>]" 
  D:\ComputerGeometry\CG\CG\cudaTinyRender\TinyRender\include\Eigen\eigen-3.4.0\Eigen\src/Core/arch/CUDA/Complex.h(234): here
  
D:\ComputerGeometry\CG\CG\cudaTinyRender\TinyRender\include\Eigen\eigen-3.4.0\Eigen\src/Core/arch/CUDA/Complex.h(58): warning : calling a constexpr __host__ function from a __host__ __device__ function is not allowed. The experimental flag '--expt-relaxed-constexpr' can be used to allow this.
            detected during instantiation of "std::complex<T> Eigen::complex_operator_detail::complex_multiply(const std::complex<T> &, const std::complex<T> &) [with T=float]" 
  (234): here
  
D:\ComputerGeometry\CG\CG\cudaTinyRender\TinyRender\include\Eigen\eigen-3.4.0\Eigen\src/Core/arch/CUDA/Complex.h(71): warning : calling a constexpr __host__ function from a __host__ __device__ function is not allowed. The experimental flag '--expt-relaxed-constexpr' can be used to allow this.
            detected during:
              instantiation of "std::complex<T> Eigen::complex_operator_detail::complex_divide_fast(const std::complex<T> &, const std::complex<T> &) [with T=float]" 
  (96): here
              instantiation of "std::complex<T> Eigen::complex_operator_detail::complex_divide(const std::complex<T> &, const std::complex<T> &) [with T=float]" 
  (234): here
  
D:\ComputerGeometry\CG\CG\cudaTinyRender\TinyRender\include\Eigen\eigen-3.4.0\Eigen\src/Core/MathFunctions.h(110): warning : calling a constexpr __host__ function("real") from a __host__ __device__ function("run") is not allowed. The experimental flag '--expt-relaxed-constexpr' can be used to allow this.
            detected during:
              instantiation of "T Eigen::internal::real_impl<std::complex<T>>::run(const std::complex<T> &) [with T=double]" 
  (1232): here
              instantiation of "Eigen::internal::real_retval<Eigen::internal::global_math_functions_filtering_base<Scalar, void>::type>::type Eigen::numext::real(const Scalar &) [with Scalar=std::complex<double>]" 
  D:\ComputerGeometry\CG\CG\cudaTinyRender\TinyRender\include\Eigen\eigen-3.4.0\Eigen\src/Core/arch/CUDA/Complex.h(235): here
  
D:\ComputerGeometry\CG\CG\cudaTinyRender\TinyRender\include\Eigen\eigen-3.4.0\Eigen\src/Core/MathFunctions.h(110): warning : calling a constexpr __host__ function from a __host__ __device__ function is not allowed. The experimental flag '--expt-relaxed-constexpr' can be used to allow this.
            detected during:
              instantiation of "T Eigen::internal::real_impl<std::complex<T>>::run(const std::complex<T> &) [with T=double]" 
  (1232): here
              instantiation of "Eigen::internal::real_retval<Eigen::internal::global_math_functions_filtering_base<Scalar, void>::type>::type Eigen::numext::real(const Scalar &) [with Scalar=std::complex<double>]" 
  D:\ComputerGeometry\CG\CG\cudaTinyRender\TinyRender\include\Eigen\eigen-3.4.0\Eigen\src/Core/arch/CUDA/Complex.h(235): here
  
D:\ComputerGeometry\CG\CG\cudaTinyRender\TinyRender\include\Eigen\eigen-3.4.0\Eigen\src/Core/MathFunctions.h(158): warning : calling a constexpr __host__ function("imag") from a __host__ __device__ function("run") is not allowed. The experimental flag '--expt-relaxed-constexpr' can be used to allow this.
            detected during:
              instantiation of "T Eigen::internal::imag_impl<std::complex<T>>::run(const std::complex<T> &) [with T=double]" 
  (1253): here
              instantiation of "Eigen::internal::imag_retval<Eigen::internal::global_math_functions_filtering_base<Scalar, void>::type>::type Eigen::numext::imag(const Scalar &) [with Scalar=std::complex<double>]" 
  D:\ComputerGeometry\CG\CG\cudaTinyRender\TinyRender\include\Eigen\eigen-3.4.0\Eigen\src/Core/arch/CUDA/Complex.h(235): here
  
D:\ComputerGeometry\CG\CG\cudaTinyRender\TinyRender\include\Eigen\eigen-3.4.0\Eigen\src/Core/MathFunctions.h(158): warning : calling a constexpr __host__ function from a __host__ __device__ function is not allowed. The experimental flag '--expt-relaxed-constexpr' can be used to allow this.
            detected during:
              instantiation of "T Eigen::internal::imag_impl<std::complex<T>>::run(const std::complex<T> &) [with T=double]" 
  (1253): here
              instantiation of "Eigen::internal::imag_retval<Eigen::internal::global_math_functions_filtering_base<Scalar, void>::type>::type Eigen::numext::imag(const Scalar &) [with Scalar=std::complex<double>]" 
  D:\ComputerGeometry\CG\CG\cudaTinyRender\TinyRender\include\Eigen\eigen-3.4.0\Eigen\src/Core/arch/CUDA/Complex.h(235): here
  
D:\ComputerGeometry\CG\CG\cudaTinyRender\TinyRender\include\Eigen\eigen-3.4.0\Eigen\src/Core/arch/CUDA/Complex.h(58): warning : calling a constexpr __host__ function from a __host__ __device__ function is not allowed. The experimental flag '--expt-relaxed-constexpr' can be used to allow this.
            detected during instantiation of "std::complex<T> Eigen::complex_operator_detail::complex_multiply(const std::complex<T> &, const std::complex<T> &) [with T=double]" 
  (235): here
  
D:\ComputerGeometry\CG\CG\cudaTinyRender\TinyRender\include\Eigen\eigen-3.4.0\Eigen\src/Core/arch/CUDA/Complex.h(71): warning : calling a constexpr __host__ function from a __host__ __device__ function is not allowed. The experimental flag '--expt-relaxed-constexpr' can be used to allow this.
            detected during:
              instantiation of "std::complex<T> Eigen::complex_operator_detail::complex_divide_fast(const std::complex<T> &, const std::complex<T> &) [with T=double]" 
  (96): here
              instantiation of "std::complex<T> Eigen::complex_operator_detail::complex_divide(const std::complex<T> &, const std::complex<T> &) [with T=double]" 
  (235): here
  
D:\ComputerGeometry\CG\CG\cudaTinyRender\TinyRender\include\Eigen\eigen-3.4.0\Eigen\src/Core/arch/Default/Half.h(1): warning C4819: 该文件包含不能在当前代码页(936)中表示的字符。请将该文件保存为 Unicode 格式以防止数据丢失
D:\ComputerGeometry\CG\CG\cudaTinyRender\TinyRender\include\Eigen\eigen-3.4.0\Eigen\src/Core/arch/Default/BFloat16.h(1): warning C4819: 该文件包含不能在当前代码页(936)中表示的字符。请将该文件保存为 Unicode 格式以防止数据丢失
D:\ComputerGeometry\CG\CG\cudaTinyRender\TinyRender\include\Eigen\eigen-3.4.0\Eigen\src/Core/arch/GPU/PacketMath.h(1): warning C4819: 该文件包含不能在当前代码页(936)中表示的字符。请将该文件保存为 Unicode 格式以防止数据丢失
D:\ComputerGeometry\CG\CG\cudaTinyRender\TinyRender\include\Eigen\eigen-3.4.0\Eigen\src/Core/arch/Default/GenericPacketMathFunctions.h(676): warning C4819: 该文件包含不能在当前代码页(936)中表示的字符。请将该文件保存为 Unicode 格式以防止数据丢失
D:\ComputerGeometry\CG\CG\cudaTinyRender\TinyRender\include\Eigen\eigen-3.4.0\Eigen\src/Core/DenseStorage.h(223): warning : __host__ annotation is ignored on a function("DenseStorage") that is explicitly defaulted on its first declaration
  
D:\ComputerGeometry\CG\CG\cudaTinyRender\TinyRender\include\Eigen\eigen-3.4.0\Eigen\src/Core/DenseStorage.h(223): warning : __device__ annotation is ignored on a function("DenseStorage") that is explicitly defaulted on its first declaration
  
D:\ComputerGeometry\CG\CG\cudaTinyRender\TinyRender\include\Eigen\eigen-3.4.0\Eigen\src/Core/DenseStorage.h(233): warning : __host__ annotation is ignored on a function("operator=") that is explicitly defaulted on its first declaration
  
D:\ComputerGeometry\CG\CG\cudaTinyRender\TinyRender\include\Eigen\eigen-3.4.0\Eigen\src/Core/DenseStorage.h(233): warning : __device__ annotation is ignored on a function("operator=") that is explicitly defaulted on its first declaration
  
D:\ComputerGeometry\CG\CG\cudaTinyRender\TinyRender\include\Eigen\eigen-3.4.0\Eigen\src/Core/DenseStorage.h(248): warning : __host__ annotation is ignored on a function("DenseStorage") that is explicitly defaulted on its first declaration
  
D:\ComputerGeometry\CG\CG\cudaTinyRender\TinyRender\include\Eigen\eigen-3.4.0\Eigen\src/Core/DenseStorage.h(248): warning : __device__ annotation is ignored on a function("DenseStorage") that is explicitly defaulted on its first declaration
  
D:\ComputerGeometry\CG\CG\cudaTinyRender\TinyRender\include\Eigen\eigen-3.4.0\Eigen\src/Core/DenseStorage.h(249): warning : __host__ annotation is ignored on a function("operator=") that is explicitly defaulted on its first declaration
  
D:\ComputerGeometry\CG\CG\cudaTinyRender\TinyRender\include\Eigen\eigen-3.4.0\Eigen\src/Core/DenseStorage.h(249): warning : __device__ annotation is ignored on a function("operator=") that is explicitly defaulted on its first declaration
  
D:\ComputerGeometry\CG\CG\cudaTinyRender\TinyRender\cus.cu(84): warning : invalid narrowing conversion from "double" to "float"
  
D:\ComputerGeometry\CG\CG\cudaTinyRender\TinyRender\cus.cu(84): warning : invalid narrowing conversion from "double" to "float"
  
D:\ComputerGeometry\CG\CG\cudaTinyRender\TinyRender\cus.cu(163): warning : returning pointer to local variable
  
  cus.cu
D:\ComputerGeometry\CG\CG\cudaTinyRender\TinyRender\include\tools\helper.h(52): warning C4244: “=”: 从“t”转换到“float”，可能丢失数据
          with
          [
              t=int
          ]
D:\ComputerGeometry\CG\CG\cudaTinyRender\TinyRender\include\tools\helper.h(53): warning C4244: “=”: 从“t”转换到“float”，可能丢失数据
          with
          [
              t=int
          ]
D:\ComputerGeometry\CG\CG\cudaTinyRender\TinyRender\include\tools\helper.h(54): warning C4244: “=”: 从“t”转换到“float”，可能丢失数据
          with
          [
              t=int
          ]
D:\ComputerGeometry\CG\CG\cudaTinyRender\TinyRender\include\tools\helper.h(55): warning C4244: “=”: 从“t”转换到“float”，可能丢失数据
          with
          [
              t=int
          ]
D:\ComputerGeometry\CG\CG\cudaTinyRender\TinyRender\include\tools\helper.h(56): warning C4244: “=”: 从“t”转换到“float”，可能丢失数据
          with
          [
              t=int
          ]
D:\ComputerGeometry\CG\CG\cudaTinyRender\TinyRender\include\tools\helper.h(57): warning C4244: “=”: 从“t”转换到“float”，可能丢失数据
          with
          [
              t=int
          ]
C:\Program Files (x86)\Microsoft Visual Studio\2019\Community\VC\Tools\MSVC\14.29.30133\include\xutility(4484): warning C4244: “=”: 从“const _Ty”转换到“float”，可能丢失数据
          with
          [
              _Ty=double
          ]
  D:\ComputerGeometry\CG\CG\cudaTinyRender\TinyRender\include\tools\helper.h(25): note: 查看对正在编译的函数 模板 实例化“void std::fill<float*,double>(const _FwdIt,const _FwdIt,const _Ty &)”的引用
          with
          [
              _FwdIt=float *,
              _Ty=double
          ]
D:\ComputerGeometry\CG\CG\cudaTinyRender\TinyRender\cus.cu(163): warning C4172: 返回局部变量或临时变量的地址: res_gputocpu
  
  D:\ComputerGeometry\CG\CG\cudaTinyRender\TinyRender>"C:\Program Files\NVIDIA GPU Computing Toolkit\CUDA\v11.3\bin\nvcc.exe" -dlink -o x64\Debug\TinyRender.device-link.obj -Xcompiler "/EHsc /W3 /nologo /Od /Fdx64\Debug\vc142.pdb /Zi /RTC1 /MDd " -L"C:\Program Files\NVIDIA GPU Computing Toolkit\CUDA\v11.3\bin/crt" -L"C:\Program Files\NVIDIA GPU Computing Toolkit\CUDA\v11.3\lib\x64" -L"D:\Eigen\eigen-3.4.0" -L"C:\Program Files\NVIDIA GPU Computing Toolkit\CUDA\v11.3\lib\x64" cudnn.lib cublas.lib cublasLt.lib cudart.lib cudadevrt.lib zlibwapi.lib kernel32.lib user32.lib gdi32.lib winspool.lib comdlg32.lib advapi32.lib shell32.lib ole32.lib oleaut32.lib uuid.lib odbc32.lib odbccp32.lib  -gencode=arch=compute_86,code=sm_86 -G --machine 64 x64\Debug\cus.cu.obj 
  cudnn.lib
  cublas.lib
  cublasLt.lib
  cudart.lib
  cudadevrt.lib
  zlibwapi.lib
  kernel32.lib
  user32.lib
  gdi32.lib
  winspool.lib
  comdlg32.lib
  advapi32.lib
  shell32.lib
  ole32.lib
  oleaut32.lib
  uuid.lib
  odbc32.lib
  odbccp32.lib
  cus.cu.obj
  TinyRender.vcxproj -> D:\ComputerGeometry\CG\CG\cudaTinyRender\exe\TinyRender.exe
