  glad.c
  IBL.cpp
IBL.obj : error LNK2019: 无法解析的外部符号 glfwInit，函数 main 中引用了该符号
IBL.obj : error LNK2019: 无法解析的外部符号 glfwTerminate，函数 main 中引用了该符号
IBL.obj : error LNK2019: 无法解析的外部符号 glfwWindowHint，函数 main 中引用了该符号
IBL.obj : error LNK2019: 无法解析的外部符号 glfwCreateWindow，函数 main 中引用了该符号
IBL.obj : error LNK2019: 无法解析的外部符号 glfwWindowShouldClose，函数 main 中引用了该符号
IBL.obj : error LNK2019: 无法解析的外部符号 glfwSetWindowShouldClose，函数 "void __cdecl processInput(struct GLFWwindow *)" (?processInput@@YAXPEAUGLFWwindow@@@Z) 中引用了该符号
IBL.obj : error LNK2019: 无法解析的外部符号 glfwGetFramebufferSize，函数 main 中引用了该符号
IBL.obj : error LNK2019: 无法解析的外部符号 glfwSetFramebufferSizeCallback，函数 main 中引用了该符号
IBL.obj : error LNK2019: 无法解析的外部符号 glfwPollEvents，函数 main 中引用了该符号
IBL.obj : error LNK2019: 无法解析的外部符号 glfwSetInputMode，函数 main 中引用了该符号
IBL.obj : error LNK2019: 无法解析的外部符号 glfwGetKey，函数 "void __cdecl processInput(struct GLFWwindow *)" (?processInput@@YAXPEAUGLFWwindow@@@Z) 中引用了该符号
IBL.obj : error LNK2019: 无法解析的外部符号 glfwSetCursorPosCallback，函数 main 中引用了该符号
IBL.obj : error LNK2019: 无法解析的外部符号 glfwSetScrollCallback，函数 main 中引用了该符号
IBL.obj : error LNK2019: 无法解析的外部符号 glfwGetTime，函数 main 中引用了该符号
IBL.obj : error LNK2019: 无法解析的外部符号 glfwMakeContextCurrent，函数 main 中引用了该符号
IBL.obj : error LNK2019: 无法解析的外部符号 glfwSwapBuffers，函数 main 中引用了该符号
IBL.obj : error LNK2019: 无法解析的外部符号 glfwGetProcAddress，函数 main 中引用了该符号
IBL.obj : error LNK2019: 无法解析的外部符号 "public: __cdecl Assimp::Importer::Importer(void)" (??0Importer@Assimp@@QEAA@XZ)，函数 "private: void __cdecl Model::loadModel(class std::basic_string<char,struct std::char_traits<char>,class std::allocator<char> > const &)" (?loadModel@Model@@AEAAXAEBV?$basic_string@DU?$char_traits@D@std@@V?$allocator@D@2@@std@@@Z) 中引用了该符号
IBL.obj : error LNK2019: 无法解析的外部符号 "public: __cdecl Assimp::Importer::~Importer(void)" (??1Importer@Assimp@@QEAA@XZ)，函数 "private: void __cdecl Model::loadModel(class std::basic_string<char,struct std::char_traits<char>,class std::allocator<char> > const &)" (?loadModel@Model@@AEAAXAEBV?$basic_string@DU?$char_traits@D@std@@V?$allocator@D@2@@std@@@Z) 中引用了该符号
IBL.obj : error LNK2019: 无法解析的外部符号 "public: struct aiScene const * __cdecl Assimp::Importer::ReadFile(char const *,unsigned int)" (?ReadFile@Importer@Assimp@@QEAAPEBUaiScene@@PEBDI@Z)，函数 "public: struct aiScene const * __cdecl Assimp::Importer::ReadFile(class std::basic_string<char,struct std::char_traits<char>,class std::allocator<char> > const &,unsigned int)" (?ReadFile@Importer@Assimp@@QEAAPEBUaiScene@@AEBV?$basic_string@DU?$char_traits@D@std@@V?$allocator@D@2@@std@@I@Z) 中引用了该符号
IBL.obj : error LNK2019: 无法解析的外部符号 "public: char const * __cdecl Assimp::Importer::GetErrorString(void)const " (?GetErrorString@Importer@Assimp@@QEBAPEBDXZ)，函数 "private: void __cdecl Model::loadModel(class std::basic_string<char,struct std::char_traits<char>,class std::allocator<char> > const &)" (?loadModel@Model@@AEAAXAEBV?$basic_string@DU?$char_traits@D@std@@V?$allocator@D@2@@std@@@Z) 中引用了该符号
IBL.obj : error LNK2019: 无法解析的外部符号 aiGetMaterialTextureCount，函数 "public: unsigned int __cdecl aiMaterial::GetTextureCount(enum aiTextureType)const " (?GetTextureCount@aiMaterial@@QEBAIW4aiTextureType@@@Z) 中引用了该符号
IBL.obj : error LNK2019: 无法解析的外部符号 aiGetMaterialTexture，函数 "public: enum aiReturn __cdecl aiMaterial::GetTexture(enum aiTextureType,unsigned int,struct aiString *,enum aiTextureMapping *,unsigned int *,float *,enum aiTextureOp *,enum aiTextureMapMode *)const " (?GetTexture@aiMaterial@@QEBA?AW4aiReturn@@W4aiTextureType@@IPEAUaiString@@PEAW4aiTextureMapping@@PEAIPEAMPEAW4aiTextureOp@@PEAW4aiTextureMapMode@@@Z) 中引用了该符号
D:\ComputerGeometry\git\CG\CG\OpenGL\Graphics_algorithms\Dependencies\GLFW\lib-vc2019\glfw3.lib : warning LNK4272: 库计算机类型“x86”与目标计算机类型“x64”冲突
D:\ComputerGeometry\git\CG\CG\OpenGL\Graphics_algorithms\Dependencies\GLFW\lib-vc2019\glfw3_mt.lib : warning LNK4272: 库计算机类型“x86”与目标计算机类型“x64”冲突
D:\ComputerGeometry\git\CG\CG\OpenGL\Graphics_algorithms\Dependencies\GLEW\lib\Release\Win32\glew32s.lib : warning LNK4272: 库计算机类型“x86”与目标计算机类型“x64”冲突
D:\ComputerGeometry\git\CG\CG\OpenGL\Graphics_algorithms\Dependencies\Assimp\assimp-vc142-mtd.lib : warning LNK4272: 库计算机类型“x86”与目标计算机类型“x64”冲突
D:\ComputerGeometry\git\CG\CG\OpenGL\Graphics_algorithms\x64\Debug\Graphics_algorithms.exe : fatal error LNK1120: 23 个无法解析的外部命令
